[debug] [2021-06-29T05:51:38.482Z] ----------------------------------------------------------------------
[debug] [2021-06-29T05:51:38.483Z] Command:       C:\Program Files\nodejs\node.exe C:\Users\Lenovo\AppData\Roaming\npm\node_modules\firebase-tools\lib\bin\firebase.js deploy
[debug] [2021-06-29T05:51:38.484Z] CLI Version:   9.13.1
[debug] [2021-06-29T05:51:38.484Z] Platform:      win32
[debug] [2021-06-29T05:51:38.484Z] Node Version:  v14.15.5
[debug] [2021-06-29T05:51:38.561Z] Time:          Tue Jun 29 2021 11:21:38 GMT+0530 (India Standard Time)
[debug] [2021-06-29T05:51:38.562Z] ----------------------------------------------------------------------
[debug] 
[debug] [2021-06-29T05:51:38.594Z] >>> [apiv2][query] GET https://firebase-public.firebaseio.com/cli.json [none]
[debug] [2021-06-29T05:51:38.646Z] > command requires scopes: ["email","openid","https://www.googleapis.com/auth/cloudplatformprojects.readonly","https://www.googleapis.com/auth/firebase","https://www.googleapis.com/auth/cloud-platform"]
[debug] [2021-06-29T05:51:38.646Z] > authorizing via signed-in user (kamleenmohd@gmail.com)
[debug] [2021-06-29T05:51:38.646Z] [iam] checking project kdt-143 for permissions ["firebase.projects.get","firebasehosting.sites.update"]
[debug] [2021-06-29T05:51:38.647Z] > refreshing access token with scopes: ["email","https://www.googleapis.com/auth/cloud-platform","https://www.googleapis.com/auth/cloudplatformprojects.readonly","https://www.googleapis.com/auth/firebase","openid"]
[debug] [2021-06-29T05:51:38.647Z] >>> HTTP REQUEST POST https://www.googleapis.com/oauth2/v3/token  
 <request body omitted>
[debug] [2021-06-29T05:51:39.085Z] <<< HTTP RESPONSE 200 {"date":"Tue, 29 Jun 2021 05:51:38 GMT","pragma":"no-cache","expires":"Mon, 01 Jan 1990 00:00:00 GMT","cache-control":"no-cache, no-store, max-age=0, must-revalidate","content-type":"application/json; charset=utf-8","vary":"X-Origin, Referer, Origin,Accept-Encoding","server":"scaffolding on HTTPServer2","x-xss-protection":"0","x-frame-options":"SAMEORIGIN","x-content-type-options":"nosniff","alt-svc":"h3=\":443\"; ma=2592000,h3-29=\":443\"; ma=2592000,h3-T051=\":443\"; ma=2592000,h3-Q050=\":443\"; ma=2592000,h3-Q046=\":443\"; ma=2592000,h3-Q043=\":443\"; ma=2592000,quic=\":443\"; ma=2592000; v=\"46,43\"","accept-ranges":"none","transfer-encoding":"chunked"}
[debug] [2021-06-29T05:51:39.208Z] >>> HTTP REQUEST POST https://cloudresourcemanager.googleapis.com/v1/projects/kdt-143:testIamPermissions  
 {"permissions":["firebase.projects.get","firebasehosting.sites.update"]}
[debug] [2021-06-29T05:51:39.869Z] <<< [apiv2][status] GET https://firebase-public.firebaseio.com/cli.json 200
[debug] [2021-06-29T05:51:39.869Z] <<< [apiv2][body] GET https://firebase-public.firebaseio.com/cli.json {"cloudBuildErrorAfter":1594252800000,"cloudBuildWarnAfter":1590019200000,"defaultNode10After":1594252800000,"minVersion":"3.0.5","node8DeploysDisabledAfter":1613390400000,"node8RuntimeDisabledAfter":1615809600000,"node8WarnAfter":1600128000000}
[debug] [2021-06-29T05:51:40.924Z] <<< HTTP RESPONSE 200 {"content-type":"application/json; charset=UTF-8","vary":"X-Origin, Referer, Origin,Accept-Encoding","date":"Tue, 29 Jun 2021 05:51:40 GMT","server":"ESF","cache-control":"private","x-xss-protection":"0","x-frame-options":"SAMEORIGIN","x-content-type-options":"nosniff","server-timing":"gfet4t7; dur=1321","alt-svc":"h3=\":443\"; ma=2592000,h3-29=\":443\"; ma=2592000,h3-T051=\":443\"; ma=2592000,h3-Q050=\":443\"; ma=2592000,h3-Q046=\":443\"; ma=2592000,h3-Q043=\":443\"; ma=2592000,quic=\":443\"; ma=2592000; v=\"46,43\"","accept-ranges":"none","transfer-encoding":"chunked"}
[debug] [2021-06-29T05:51:40.928Z] > refreshing access token with scopes: []
[debug] [2021-06-29T05:51:40.928Z] >>> HTTP REQUEST POST https://www.googleapis.com/oauth2/v3/token  
 <request body omitted>
[debug] [2021-06-29T05:51:41.333Z] <<< HTTP RESPONSE 200 {"expires":"Mon, 01 Jan 1990 00:00:00 GMT","date":"Tue, 29 Jun 2021 05:51:41 GMT","cache-control":"no-cache, no-store, max-age=0, must-revalidate","pragma":"no-cache","content-type":"application/json; charset=utf-8","vary":"X-Origin, Referer, Origin,Accept-Encoding","server":"scaffolding on HTTPServer2","x-xss-protection":"0","x-frame-options":"SAMEORIGIN","x-content-type-options":"nosniff","alt-svc":"h3=\":443\"; ma=2592000,h3-29=\":443\"; ma=2592000,h3-T051=\":443\"; ma=2592000,h3-Q050=\":443\"; ma=2592000,h3-Q046=\":443\"; ma=2592000,h3-Q043=\":443\"; ma=2592000,quic=\":443\"; ma=2592000; v=\"46,43\"","accept-ranges":"none","transfer-encoding":"chunked"}
[debug] [2021-06-29T05:51:41.389Z] >>> [apiv2][query] GET https://firebase.googleapis.com/v1beta1/projects/kdt-143 [none]
[debug] [2021-06-29T05:51:42.045Z] <<< [apiv2][status] GET https://firebase.googleapis.com/v1beta1/projects/kdt-143 200
[debug] [2021-06-29T05:51:42.045Z] <<< [apiv2][body] GET https://firebase.googleapis.com/v1beta1/projects/kdt-143 {"projectId":"kdt-143","projectNumber":"559265165592","displayName":"kdt-143","name":"projects/kdt-143","resources":{"hostingSite":"kdt-143","realtimeDatabaseInstance":"kdt-143-default-rtdb","storageBucket":"kdt-143.appspot.com","locationId":"us-central"},"state":"ACTIVE"}
[info] 
[info] === Deploying to 'kdt-143'...
[info] 
[info] i  deploying hosting 
[debug] [2021-06-29T05:51:42.049Z] > refreshing access token with scopes: ["email","https://www.googleapis.com/auth/cloud-platform","https://www.googleapis.com/auth/cloudplatformprojects.readonly","https://www.googleapis.com/auth/firebase","openid"]
[debug] [2021-06-29T05:51:42.049Z] >>> HTTP REQUEST POST https://www.googleapis.com/oauth2/v3/token  
 <request body omitted>
[debug] [2021-06-29T05:51:42.445Z] <<< HTTP RESPONSE 200 {"pragma":"no-cache","cache-control":"no-cache, no-store, max-age=0, must-revalidate","date":"Tue, 29 Jun 2021 05:51:42 GMT","expires":"Mon, 01 Jan 1990 00:00:00 GMT","content-type":"application/json; charset=utf-8","vary":"X-Origin, Referer, Origin,Accept-Encoding","server":"scaffolding on HTTPServer2","x-xss-protection":"0","x-frame-options":"SAMEORIGIN","x-content-type-options":"nosniff","alt-svc":"h3=\":443\"; ma=2592000,h3-29=\":443\"; ma=2592000,h3-T051=\":443\"; ma=2592000,h3-Q050=\":443\"; ma=2592000,h3-Q046=\":443\"; ma=2592000,h3-Q043=\":443\"; ma=2592000,quic=\":443\"; ma=2592000; v=\"46,43\"","accept-ranges":"none","transfer-encoding":"chunked"}
[debug] [2021-06-29T05:51:42.516Z] >>> HTTP REQUEST POST https://firebasehosting.googleapis.com/v1beta1/sites/kdt-143/versions  
 {"config":{},"labels":{"deployment-tool":"cli-firebase"}}
[debug] [2021-06-29T05:51:44.678Z] <<< HTTP RESPONSE 200 {"content-type":"application/json; charset=UTF-8","vary":"X-Origin, Referer, Origin,Accept-Encoding","date":"Tue, 29 Jun 2021 05:51:44 GMT","server":"ESF","cache-control":"private","x-xss-protection":"0","x-frame-options":"SAMEORIGIN","x-content-type-options":"nosniff","alt-svc":"h3=\":443\"; ma=2592000,h3-29=\":443\"; ma=2592000,h3-T051=\":443\"; ma=2592000,h3-Q050=\":443\"; ma=2592000,h3-Q046=\":443\"; ma=2592000,h3-Q043=\":443\"; ma=2592000,quic=\":443\"; ma=2592000; v=\"46,43\"","accept-ranges":"none","transfer-encoding":"chunked"}
[info] i  hosting[kdt-143]: beginning deploy... 
[info] i  hosting[kdt-143]: found 81 files in public 
[debug] [2021-06-29T05:53:34.876Z] > refreshing access token with scopes: []
[debug] [2021-06-29T05:53:34.878Z] >>> HTTP REQUEST POST https://www.googleapis.com/oauth2/v3/token  
 <request body omitted>
[debug] [2021-06-29T05:53:34.909Z] [hosting] hash cache [cHVibGlj] stored for 81 files
[debug] [2021-06-29T05:53:34.909Z] [hosting][hash queue][FINAL] {"max":110128,"min":0,"avg":1360.776282546091,"active":0,"complete":81,"success":81,"errored":0,"retried":0,"total":81,"elapsed":110182}
[debug] [2021-06-29T05:53:35.367Z] <<< HTTP RESPONSE 200 {"cache-control":"no-cache, no-store, max-age=0, must-revalidate","expires":"Mon, 01 Jan 1990 00:00:00 GMT","pragma":"no-cache","date":"Tue, 29 Jun 2021 05:53:35 GMT","content-type":"application/json; charset=utf-8","vary":"X-Origin, Referer, Origin,Accept-Encoding","server":"scaffolding on HTTPServer2","x-xss-protection":"0","x-frame-options":"SAMEORIGIN","x-content-type-options":"nosniff","alt-svc":"h3=\":443\"; ma=2592000,h3-29=\":443\"; ma=2592000,h3-T051=\":443\"; ma=2592000,h3-Q050=\":443\"; ma=2592000,h3-Q046=\":443\"; ma=2592000,h3-Q043=\":443\"; ma=2592000,quic=\":443\"; ma=2592000; v=\"46,43\"","accept-ranges":"none","transfer-encoding":"chunked"}
[debug] [2021-06-29T05:53:35.492Z] >>> [apiv2][query] POST https://firebasehosting.googleapis.com/v1beta1/sites/kdt-143/versions/f10139914e96f245:populateFiles [none]
[debug] [2021-06-29T05:53:35.493Z] >>> [apiv2][body] POST https://firebasehosting.googleapis.com/v1beta1/sites/kdt-143/versions/f10139914e96f245:populateFiles {"files":{"/404.html":"0308c4c3e3cc9a5ba3f0a1eda3370f9a732f7831884527ee0eb1d7b5756d970d","/anonymous.html":"45deed162057b5075d1dc569c826fdc0717af9f2faaa576092e35ae9c7992432","/contact.html":"af55589c7c5983606f3100d7298b33fee2200e5e352814e3fc0036df93407371","/login.html":"208598984a5bb30792f53c76143290ff0ee206a913905a0b48d6ad9289fb7eb7","/other.html":"bba9dd0838a09592627cc484ef7b1e1c10d06452af6ad6bd2907c976c04a7829","/project.html":"0eaddc6d7178e3300e5086d9c7bd491aed33fee37bc4bbb008e45be813457cfc","/signin.html":"6d7e8e0a3cbc236938259d4a143fe848d69c9bd0696e1ea4ff51f9ed53643f06","/chat/index.html":"78437da1e2cbab8109b000fdfdd69b8304ee35be2b42dd0b449a2c9cc6468c13","/css/404.css":"91d1a1ead1eda8676f39f2ba721c56247de1e8c85b13e94a55e61d983e64be3e","/css/bootstraph.css":"4db24ed85ded148371fa12026200a5947fb65aebe611dec8f8cdaac7edc6525e","/css/contact.css":"586b8af098a89fbe587da520825d385c88056eabf81b5326c4ef676e2616601d","/css/dark.css":"50bd375c22a83ae8791c556214c0537fdfb5b69d6296f5c25cd2f2f0e34e6a19","/css/home-body.css":"d6e2134cf72c06e7284305dcb611481cf7bc286e5def2de0c373ef52e0b8e58d","/css/home-header.css":"119812d50d10221e997993b52f7ebd6944d9e249d2cbe68264ab8fc644ae8f00","/css/loader.css":"d456942be716489db8062d1edb9a4607fd4bf2585153011af1520ea78622b8fd","/css/main.css":"f395a927544ab57418a0d29bb396cbfbe92fa41449a7e9ce086c004d5bd22e4d","/css/nav.css":"389787f8ad5df90114ddebe49252a75b972a61acdd678521951e62dab49ea9dc","/css/other-header.css":"009123eb9f7ad41b4ad673b24eb73a506cdf82558bff7ec7293003e867c585a2","/css/project.css":"e7ecafe6831a64272aae1ec55b849de6075337eb7dd7cdbbba99a7b1773bd451","/css/change/blue.css":"d5a2ddab67785fc2301a17f56b3c37839a563f3a6e515268302847ec191bd479","/css/change/blue2.css":"6feaa7306daf955c684dabdb3da8cda7893c1524cfdaaae65a08e97d28d5d419","/css/change/blue3.css":"8b9d7618ebd9ce383c952698d99ada4ff93954337c3a32846ac9143b31c90054","/css/change/cyan.css":"ccd58e59f2447e609af241a86da9092491a5f4ef18fc8bd632d12edebbfb52fc","/css/change/cyan2.css":"0719d887bc566e676bbaaf038ad7874fdc31802d7c9966dbace2293f0b66ca40","/css/change/gray.css":"be1180325c3e2d3b3bfa689bb0408456549d7bb9a987ae0f0f24466399cc1707","/css/change/gray2.css":"73d1d7400fcc248ce8223c5b6eac92155a6143b3b8b6d799d64c0c263fb75b2b","/css/change/green.css":"9871856554348506a5c7133cfa7121aa372b2c58227ea144a64c1be0ca1120ac","/css/change/green2.css":"52bfb301310fab1a9150b29e8ad151e3971af294ce6891f2e8e5fe97ce9628f6","/css/change/green3.css":"a59ecfc135935023e6b55204aab091a9e9ea6c03683a4fb1ab4494f0c37ec68c","/css/change/pink.css":"57a5b92e4854a4eb0c7f403446ce161bf055c1c334ec52780a350b355629674e","/css/change/red.css":"2b5d50b275b3e4fa42311aa07364502d89af08b919aeea4943a7e8976bfa4d45","/css/change/red2.css":"08bab21f1363f0088300cf43b2867641429889135d9b6205c6159dbc696c4e95","/css/change/red3.css":"f4582cd1c9535400fb6298035770f557f1228b95c4d697bb9cba60027d23e9ac","/css/change/yellow.css":"d5f8b65fe93f1e7217678cece49816c881aec11fa0e4af317ac3cbc59a5a589f","/css/change/yellow2.css":"e2c2a1600ef719256e59f2f54530aa61d71aeb4fdd0b049047e987095710ef53","/js/contact.js":"37175930fd7cdc1c08e642c3f1d6a0762c0e00371d24b3e27b595ef74d10979a","/js/main.js":"137f28d9b155def0b206d18236f70370bfd06d780e5e7c12ffa8a56f9935bae6","/js/nav.js":"2f7361bf4c67af07aba163890b9dfe4287d161a7631be760a1bbb59ec4430379","/js/time.js":"30a997247bf9b9f1a0211f14bf786a33d56fd2496483861878f620ca97c09cc7","/js/type.js":"c28998a35282fb3f96cae2ffc7fdaa9d82b27946a8f49c1764d90c38e80db4a6","/media/image/abhijeet.png":"2d8362174c85c2ea79d915b1ef23fa3271cbdd5fa0b125a13da1a6f700f1704c","/media/image/Arduino-Line-Follower-Robot-Circuit.jpg":"e6f3f57ce17830fbdb9ea61fe85200a3cda1e504827c73055a6d466bbac05846","/media/image/Bluetooth-controlled-car-circuit.png":"c0c63f29dfb57bf67e3e6ca6c0fde37ad128a1751885a0d32f6cd10932cb06e9","/media/image/blutooth_img_giagram.png":"3da20847157d87c8a6349d19521a46e8bb8a15293e2f0eac13038d6f337bc99c","/media/image/bridge_rectifeir.gif":"49529c8f0c33fdc967840b919f59c1ce2235b26e07e354cd0e33277f50f1a8ef","/media/image/daniyal.png":"b15b848b9ede28129ca304625b7f9621e8de61cfe12f9ae032e29bb1b863dcb7","/media/image/diagrm_blutooth_car_rZWd4IWiDQ.png":"b8f400850aca4b970138efc5ccd8bcba2e58f47ff546e4a132baa039c9cd09f6","/media/image/kamleen.png":"c0ef47e463d0d3a6f8aad2a3f51ca6c7eec31518b1c9e7f71ebb59d77141499c","/media/image/kdt.png":"c5111b7651858875610660b12217c1690a9d24d0f3507ff1aeaf78e712d17019","/media/image/kdt.svg":"a157deba9ee6f934d7636f7638592036e5f0e4a8969276242216eacb05cb5474","/media/image/line+follow_digramme.gif":"252a2b11b4b5ca82d5d786df43409e796c66af4d95f17a4ec4376755c400d6a2","/media/image/line_following.png":"b81232cf6cb2315f90ec5257c9756e596b4f14d75608663242f551c80fedf2c9","/media/image/tabish.png":"1ed873e3190f0c2941d2754d940d55d70313464b63f40ba67a25c5208f3d6d16","/media/image/undraw_about_me_wa29.svg":"65c6eaf7608a06ef2704ddf1d8f79009f2a3c39fd6307b0e90399f847abcd4b4","/media/image/undraw_Access_account_re_8spm.svg":"697b32734435fda57de86f7ec123cdbe787a0286476d13e7faf20ebc965e601e","/media/image/undraw_best_place_r685.svg":"93d384a251eb3d830e34ffe9211966b7e87fdbbb3fd83d6b84b9263a33c47209","/media/image/undraw_contact_us_15o2.svg":"fabc0675c6f821669686f8268a8476452ceed52ef467c3be1e23062ea4dc5377","/media/image/undraw_Mind_map_re_nlb6.svg":"f350d6dac5b1439ce5eb8ba6fada2b60bc39cfac47682f9012b6622bbf5f8c7c","/media/image/undraw_page_not_found_su7k.svg":"f3949cbbea1168b2603053875fff21889148e1e629491e1624e492c17ddeb7ed","/media/image/undraw_project_feedback_2s92.svg":"65c6eaf7608a06ef2704ddf1d8f79009f2a3c39fd6307b0e90399f847abcd4b4","/media/image/undraw_secure_login_pdn4.svg":"fa911a6a5cec65e6f3cfd4795eb390fdd2fecb4cf1224da8917e2846c563c730","/media/image/undraw_smart_home_28oy.svg":"6ceedcd24631bbbf473a78922356f76b940d88090e9331edf102aa0d7d8a903c","/media/image/undraw_Terms_re_6ak4.svg":"964c0030d7f56e08112724062140d5530e42906fb3c2baedaae371dc03bb25cf","/media/image/undraw_web_developer_p3e5.svg":"91ad4894acc0e7feec2d70a5bd4bac347b4881f8940b10653c5f666eb8e1a2fc","/other/activity_main.xml":"ae3489cc2f71519809d9d6924b44462e78865fbe33bbacb1f6ad500d1393b230","/other/AndroidManifest.xml":"a4d892b323704e2b56d19e02626e7e31a1ed5ac2b3801b5cb540e726c4a305ef","/other/app.apk":"f219bfac49218f47496d39f4cce734fc14b6bc21d1089dde072fbe58cc1608d5","/other/app.zip":"87eb5ff3d91937dfcdf517e0b5fbb1da3613735da3613d5cf5c7fb99bbbba3c0","/other/car.html":"1fc6f2d7ee36760b1cc8e2d65780086bd07698b05f602f96b8fc84b7e9d4a9d5","/other/car.ino":"ccc792034526d5282df2a569984bd439be133c4fb6d55b5d2449d5a96644e2a0","/other/car.txt":"740646023da0e2720d6950525bbac16a088ea56d73cf8c7b5fa2f2d9c595a1ab","/other/line.txt":"8660c029dbd1d1c9e2d9d969698ec4b67b8ef441b8ee7162109e37d1a6e9363e","/other/MainActivity.java":"76ce710b9472984c5a006c655457e819757e0198a47b96393cfe43b401e9be5b","/other/ppt.html":"3f816cf7822a09ae2e9d8bf4a30da66e4276839e1a6d4c314e0b7e26e10ca329","/other/ppt.pdf":"2bef7a7228f5201a4e2b01be01230cb5b018c3927cc922cae319bd74fc83cb6e","/other/ppt.pptx":"fb2c6d1aab780e084ab36bf92b22a6af74a9eb9aa7b9c287bab3868617c7e22d","/other/srs.pdf":"dd964054c62860e76049b83d982222f18a00687862a7ffdd9cbb62544ebbea38","/other/srs.pptx":"c3ddbd28d239d712b7ffc756cf646d0dd18b109e870d218d017fac80613f84b7","/index.html":"1130f7546ed1aada58dc98fd68fe1931369028a4994612756b3f4f3bf1aba20f","/account.html":"92aa08104a4c7fd2f592e5eac1858c8d4a87ca749827a2977ee7e0001c97d2b9","/media/abbu.mp4":"d41c7848cda3d071bb7427340ffef3fa7cc7207f56847ace54f582d1c1026223"}}
[debug] [2021-06-29T05:53:37.876Z] <<< [apiv2][status] POST https://firebasehosting.googleapis.com/v1beta1/sites/kdt-143/versions/f10139914e96f245:populateFiles 200
[debug] [2021-06-29T05:53:37.877Z] <<< [apiv2][body] POST https://firebasehosting.googleapis.com/v1beta1/sites/kdt-143/versions/f10139914e96f245:populateFiles {"uploadRequiredHashes":["92aa08104a4c7fd2f592e5eac1858c8d4a87ca749827a2977ee7e0001c97d2b9","d41c7848cda3d071bb7427340ffef3fa7cc7207f56847ace54f582d1c1026223","1130f7546ed1aada58dc98fd68fe1931369028a4994612756b3f4f3bf1aba20f"],"uploadUrl":"https://upload-firebasehosting.googleapis.com/upload/sites/kdt-143/versions/f10139914e96f245/files"}
[debug] [2021-06-29T05:53:37.881Z] >>> [apiv2][query] POST https://upload-firebasehosting.googleapis.com/upload/sites/kdt-143/versions/f10139914e96f245/files/92aa08104a4c7fd2f592e5eac1858c8d4a87ca749827a2977ee7e0001c97d2b9 [none]
[debug] [2021-06-29T05:53:37.882Z] >>> [apiv2][body] POST https://upload-firebasehosting.googleapis.com/upload/sites/kdt-143/versions/f10139914e96f245/files/92aa08104a4c7fd2f592e5eac1858c8d4a87ca749827a2977ee7e0001c97d2b9 [stream]
[debug] [2021-06-29T05:53:37.889Z] >>> [apiv2][query] POST https://upload-firebasehosting.googleapis.com/upload/sites/kdt-143/versions/f10139914e96f245/files/d41c7848cda3d071bb7427340ffef3fa7cc7207f56847ace54f582d1c1026223 [none]
[debug] [2021-06-29T05:53:37.889Z] >>> [apiv2][body] POST https://upload-firebasehosting.googleapis.com/upload/sites/kdt-143/versions/f10139914e96f245/files/d41c7848cda3d071bb7427340ffef3fa7cc7207f56847ace54f582d1c1026223 [stream]
[debug] [2021-06-29T05:53:37.891Z] >>> [apiv2][query] POST https://upload-firebasehosting.googleapis.com/upload/sites/kdt-143/versions/f10139914e96f245/files/1130f7546ed1aada58dc98fd68fe1931369028a4994612756b3f4f3bf1aba20f [none]
[debug] [2021-06-29T05:53:37.891Z] >>> [apiv2][body] POST https://upload-firebasehosting.googleapis.com/upload/sites/kdt-143/versions/f10139914e96f245/files/1130f7546ed1aada58dc98fd68fe1931369028a4994612756b3f4f3bf1aba20f [stream]
[debug] [2021-06-29T05:53:37.893Z] [hosting][populate queue][FINAL] {"max":3006,"min":3006,"avg":3006,"active":0,"complete":1,"success":1,"errored":0,"retried":0,"total":1,"elapsed":3018}
[debug] [2021-06-29T05:53:37.893Z] [hosting] uploads queued: 3
[debug] [2021-06-29T05:53:39.861Z] <<< [apiv2][status] POST https://upload-firebasehosting.googleapis.com/upload/sites/kdt-143/versions/f10139914e96f245/files/1130f7546ed1aada58dc98fd68fe1931369028a4994612756b3f4f3bf1aba20f 200
[debug] [2021-06-29T05:53:39.861Z] <<< [apiv2][body] POST https://upload-firebasehosting.googleapis.com/upload/sites/kdt-143/versions/f10139914e96f245/files/1130f7546ed1aada58dc98fd68fe1931369028a4994612756b3f4f3bf1aba20f [stream]
[debug] [2021-06-29T05:53:40.025Z] <<< [apiv2][status] POST https://upload-firebasehosting.googleapis.com/upload/sites/kdt-143/versions/f10139914e96f245/files/92aa08104a4c7fd2f592e5eac1858c8d4a87ca749827a2977ee7e0001c97d2b9 200
[debug] [2021-06-29T05:53:40.025Z] <<< [apiv2][body] POST https://upload-firebasehosting.googleapis.com/upload/sites/kdt-143/versions/f10139914e96f245/files/92aa08104a4c7fd2f592e5eac1858c8d4a87ca749827a2977ee7e0001c97d2b9 [stream]
[debug] [2021-06-29T11:41:29.198Z] ----------------------------------------------------------------------
[debug] [2021-06-29T11:41:29.217Z] Command:       C:\Program Files\nodejs\node.exe C:\Users\Lenovo\AppData\Roaming\npm\node_modules\firebase-tools\lib\bin\firebase.js deploy
[debug] [2021-06-29T11:41:29.219Z] CLI Version:   9.13.1
[debug] [2021-06-29T11:41:29.219Z] Platform:      win32
[debug] [2021-06-29T11:41:29.220Z] Node Version:  v14.15.5
[debug] [2021-06-29T11:41:29.334Z] Time:          Tue Jun 29 2021 17:11:29 GMT+0530 (India Standard Time)
[debug] [2021-06-29T11:41:29.334Z] ----------------------------------------------------------------------
[debug] 
[debug] [2021-06-29T11:41:29.397Z] > command requires scopes: ["email","openid","https://www.googleapis.com/auth/cloudplatformprojects.readonly","https://www.googleapis.com/auth/firebase","https://www.googleapis.com/auth/cloud-platform"]
[debug] [2021-06-29T11:41:29.397Z] > authorizing via signed-in user (kamleenmohd@gmail.com)
[debug] [2021-06-29T11:41:29.397Z] [iam] checking project kdt-143 for permissions ["firebase.projects.get","firebasehosting.sites.update"]
[debug] [2021-06-29T11:41:29.399Z] > refreshing access token with scopes: ["email","https://www.googleapis.com/auth/cloud-platform","https://www.googleapis.com/auth/cloudplatformprojects.readonly","https://www.googleapis.com/auth/firebase","openid"]
[debug] [2021-06-29T11:41:29.399Z] >>> HTTP REQUEST POST https://www.googleapis.com/oauth2/v3/token  
 <request body omitted>
[debug] [2021-06-29T11:41:29.871Z] <<< HTTP RESPONSE 200 {"expires":"Mon, 01 Jan 1990 00:00:00 GMT","date":"Tue, 29 Jun 2021 11:41:28 GMT","cache-control":"no-cache, no-store, max-age=0, must-revalidate","pragma":"no-cache","content-type":"application/json; charset=utf-8","vary":"X-Origin, Referer, Origin,Accept-Encoding","server":"scaffolding on HTTPServer2","x-xss-protection":"0","x-frame-options":"SAMEORIGIN","x-content-type-options":"nosniff","alt-svc":"h3=\":443\"; ma=2592000,h3-29=\":443\"; ma=2592000,h3-T051=\":443\"; ma=2592000,h3-Q050=\":443\"; ma=2592000,h3-Q046=\":443\"; ma=2592000,h3-Q043=\":443\"; ma=2592000,quic=\":443\"; ma=2592000; v=\"46,43\"","accept-ranges":"none","transfer-encoding":"chunked"}
[debug] [2021-06-29T11:41:29.959Z] >>> HTTP REQUEST POST https://cloudresourcemanager.googleapis.com/v1/projects/kdt-143:testIamPermissions  
 {"permissions":["firebase.projects.get","firebasehosting.sites.update"]}
[debug] [2021-06-29T11:41:31.697Z] <<< HTTP RESPONSE 200 {"content-type":"application/json; charset=UTF-8","vary":"X-Origin, Referer, Origin,Accept-Encoding","date":"Tue, 29 Jun 2021 11:41:30 GMT","server":"ESF","cache-control":"private","x-xss-protection":"0","x-frame-options":"SAMEORIGIN","x-content-type-options":"nosniff","server-timing":"gfet4t7; dur=1315","alt-svc":"h3=\":443\"; ma=2592000,h3-29=\":443\"; ma=2592000,h3-T051=\":443\"; ma=2592000,h3-Q050=\":443\"; ma=2592000,h3-Q046=\":443\"; ma=2592000,h3-Q043=\":443\"; ma=2592000,quic=\":443\"; ma=2592000; v=\"46,43\"","accept-ranges":"none","transfer-encoding":"chunked"}
[debug] [2021-06-29T11:41:31.701Z] > refreshing access token with scopes: []
[debug] [2021-06-29T11:41:31.701Z] >>> HTTP REQUEST POST https://www.googleapis.com/oauth2/v3/token  
 <request body omitted>
[debug] [2021-06-29T11:41:32.091Z] <<< HTTP RESPONSE 200 {"cache-control":"no-cache, no-store, max-age=0, must-revalidate","pragma":"no-cache","expires":"Mon, 01 Jan 1990 00:00:00 GMT","date":"Tue, 29 Jun 2021 11:41:30 GMT","content-type":"application/json; charset=utf-8","vary":"X-Origin, Referer, Origin,Accept-Encoding","server":"scaffolding on HTTPServer2","x-xss-protection":"0","x-frame-options":"SAMEORIGIN","x-content-type-options":"nosniff","alt-svc":"h3=\":443\"; ma=2592000,h3-29=\":443\"; ma=2592000,h3-T051=\":443\"; ma=2592000,h3-Q050=\":443\"; ma=2592000,h3-Q046=\":443\"; ma=2592000,h3-Q043=\":443\"; ma=2592000,quic=\":443\"; ma=2592000; v=\"46,43\"","accept-ranges":"none","transfer-encoding":"chunked"}
[debug] [2021-06-29T11:41:32.231Z] >>> [apiv2][query] GET https://firebase.googleapis.com/v1beta1/projects/kdt-143 [none]
[debug] [2021-06-29T11:41:32.885Z] <<< [apiv2][status] GET https://firebase.googleapis.com/v1beta1/projects/kdt-143 200
[debug] [2021-06-29T11:41:32.885Z] <<< [apiv2][body] GET https://firebase.googleapis.com/v1beta1/projects/kdt-143 {"projectId":"kdt-143","projectNumber":"559265165592","displayName":"kdt-143","name":"projects/kdt-143","resources":{"hostingSite":"kdt-143","realtimeDatabaseInstance":"kdt-143-default-rtdb","storageBucket":"kdt-143.appspot.com","locationId":"us-central"},"state":"ACTIVE"}
[info] 
[info] === Deploying to 'kdt-143'...
[info] 
[info] i  deploying hosting 
[debug] [2021-06-29T11:41:32.889Z] > refreshing access token with scopes: ["email","https://www.googleapis.com/auth/cloud-platform","https://www.googleapis.com/auth/cloudplatformprojects.readonly","https://www.googleapis.com/auth/firebase","openid"]
[debug] [2021-06-29T11:41:32.889Z] >>> HTTP REQUEST POST https://www.googleapis.com/oauth2/v3/token  
 <request body omitted>
[debug] [2021-06-29T11:41:33.463Z] <<< HTTP RESPONSE 200 {"expires":"Mon, 01 Jan 1990 00:00:00 GMT","pragma":"no-cache","cache-control":"no-cache, no-store, max-age=0, must-revalidate","date":"Tue, 29 Jun 2021 11:41:32 GMT","content-type":"application/json; charset=utf-8","vary":"X-Origin, Referer, Origin,Accept-Encoding","server":"scaffolding on HTTPServer2","x-xss-protection":"0","x-frame-options":"SAMEORIGIN","x-content-type-options":"nosniff","alt-svc":"h3=\":443\"; ma=2592000,h3-29=\":443\"; ma=2592000,h3-T051=\":443\"; ma=2592000,h3-Q050=\":443\"; ma=2592000,h3-Q046=\":443\"; ma=2592000,h3-Q043=\":443\"; ma=2592000,quic=\":443\"; ma=2592000; v=\"46,43\"","accept-ranges":"none","transfer-encoding":"chunked"}
[debug] [2021-06-29T11:41:33.535Z] >>> HTTP REQUEST POST https://firebasehosting.googleapis.com/v1beta1/sites/kdt-143/versions  
 {"config":{},"labels":{"deployment-tool":"cli-firebase"}}
[debug] [2021-06-29T11:41:35.855Z] <<< HTTP RESPONSE 200 {"content-type":"application/json; charset=UTF-8","vary":"X-Origin, Referer, Origin,Accept-Encoding","date":"Tue, 29 Jun 2021 11:41:34 GMT","server":"ESF","cache-control":"private","x-xss-protection":"0","x-frame-options":"SAMEORIGIN","x-content-type-options":"nosniff","alt-svc":"h3=\":443\"; ma=2592000,h3-29=\":443\"; ma=2592000,h3-T051=\":443\"; ma=2592000,h3-Q050=\":443\"; ma=2592000,h3-Q046=\":443\"; ma=2592000,h3-Q043=\":443\"; ma=2592000,quic=\":443\"; ma=2592000; v=\"46,43\"","accept-ranges":"none","transfer-encoding":"chunked"}
[info] i  hosting[kdt-143]: beginning deploy... 
[info] i  hosting[kdt-143]: found 81 files in public 
[debug] [2021-06-29T11:41:36.138Z] > refreshing access token with scopes: []
[debug] [2021-06-29T11:41:36.138Z] >>> HTTP REQUEST POST https://www.googleapis.com/oauth2/v3/token  
 <request body omitted>
[debug] [2021-06-29T11:41:36.169Z] [hosting] hash cache [cHVibGlj] stored for 81 files
[debug] [2021-06-29T11:41:36.170Z] [hosting][hash queue][FINAL] {"max":72,"min":0,"avg":1.1467178045705286,"active":0,"complete":81,"success":81,"errored":0,"retried":0,"total":81,"elapsed":104}
[debug] [2021-06-29T11:41:36.565Z] <<< HTTP RESPONSE 200 {"expires":"Mon, 01 Jan 1990 00:00:00 GMT","pragma":"no-cache","date":"Tue, 29 Jun 2021 11:41:35 GMT","cache-control":"no-cache, no-store, max-age=0, must-revalidate","content-type":"application/json; charset=utf-8","vary":"X-Origin, Referer, Origin,Accept-Encoding","server":"scaffolding on HTTPServer2","x-xss-protection":"0","x-frame-options":"SAMEORIGIN","x-content-type-options":"nosniff","alt-svc":"h3=\":443\"; ma=2592000,h3-29=\":443\"; ma=2592000,h3-T051=\":443\"; ma=2592000,h3-Q050=\":443\"; ma=2592000,h3-Q046=\":443\"; ma=2592000,h3-Q043=\":443\"; ma=2592000,quic=\":443\"; ma=2592000; v=\"46,43\"","accept-ranges":"none","transfer-encoding":"chunked"}
[debug] [2021-06-29T11:41:36.626Z] >>> [apiv2][query] POST https://firebasehosting.googleapis.com/v1beta1/sites/kdt-143/versions/6f25ae266ec2310b:populateFiles [none]
[debug] [2021-06-29T11:41:36.626Z] >>> [apiv2][body] POST https://firebasehosting.googleapis.com/v1beta1/sites/kdt-143/versions/6f25ae266ec2310b:populateFiles {"files":{"/404.html":"0308c4c3e3cc9a5ba3f0a1eda3370f9a732f7831884527ee0eb1d7b5756d970d","/account.html":"92aa08104a4c7fd2f592e5eac1858c8d4a87ca749827a2977ee7e0001c97d2b9","/anonymous.html":"45deed162057b5075d1dc569c826fdc0717af9f2faaa576092e35ae9c7992432","/contact.html":"af55589c7c5983606f3100d7298b33fee2200e5e352814e3fc0036df93407371","/login.html":"208598984a5bb30792f53c76143290ff0ee206a913905a0b48d6ad9289fb7eb7","/other.html":"bba9dd0838a09592627cc484ef7b1e1c10d06452af6ad6bd2907c976c04a7829","/project.html":"0eaddc6d7178e3300e5086d9c7bd491aed33fee37bc4bbb008e45be813457cfc","/signin.html":"6d7e8e0a3cbc236938259d4a143fe848d69c9bd0696e1ea4ff51f9ed53643f06","/chat/index.html":"78437da1e2cbab8109b000fdfdd69b8304ee35be2b42dd0b449a2c9cc6468c13","/css/404.css":"91d1a1ead1eda8676f39f2ba721c56247de1e8c85b13e94a55e61d983e64be3e","/css/bootstraph.css":"4db24ed85ded148371fa12026200a5947fb65aebe611dec8f8cdaac7edc6525e","/css/contact.css":"586b8af098a89fbe587da520825d385c88056eabf81b5326c4ef676e2616601d","/css/dark.css":"50bd375c22a83ae8791c556214c0537fdfb5b69d6296f5c25cd2f2f0e34e6a19","/css/home-body.css":"d6e2134cf72c06e7284305dcb611481cf7bc286e5def2de0c373ef52e0b8e58d","/css/home-header.css":"119812d50d10221e997993b52f7ebd6944d9e249d2cbe68264ab8fc644ae8f00","/css/loader.css":"d456942be716489db8062d1edb9a4607fd4bf2585153011af1520ea78622b8fd","/css/main.css":"f395a927544ab57418a0d29bb396cbfbe92fa41449a7e9ce086c004d5bd22e4d","/css/nav.css":"389787f8ad5df90114ddebe49252a75b972a61acdd678521951e62dab49ea9dc","/css/other-header.css":"009123eb9f7ad41b4ad673b24eb73a506cdf82558bff7ec7293003e867c585a2","/css/project.css":"e7ecafe6831a64272aae1ec55b849de6075337eb7dd7cdbbba99a7b1773bd451","/css/change/blue.css":"d5a2ddab67785fc2301a17f56b3c37839a563f3a6e515268302847ec191bd479","/css/change/blue2.css":"6feaa7306daf955c684dabdb3da8cda7893c1524cfdaaae65a08e97d28d5d419","/css/change/blue3.css":"8b9d7618ebd9ce383c952698d99ada4ff93954337c3a32846ac9143b31c90054","/css/change/cyan.css":"ccd58e59f2447e609af241a86da9092491a5f4ef18fc8bd632d12edebbfb52fc","/css/change/cyan2.css":"0719d887bc566e676bbaaf038ad7874fdc31802d7c9966dbace2293f0b66ca40","/css/change/gray.css":"be1180325c3e2d3b3bfa689bb0408456549d7bb9a987ae0f0f24466399cc1707","/css/change/gray2.css":"73d1d7400fcc248ce8223c5b6eac92155a6143b3b8b6d799d64c0c263fb75b2b","/css/change/green.css":"9871856554348506a5c7133cfa7121aa372b2c58227ea144a64c1be0ca1120ac","/css/change/green2.css":"52bfb301310fab1a9150b29e8ad151e3971af294ce6891f2e8e5fe97ce9628f6","/css/change/green3.css":"a59ecfc135935023e6b55204aab091a9e9ea6c03683a4fb1ab4494f0c37ec68c","/css/change/pink.css":"57a5b92e4854a4eb0c7f403446ce161bf055c1c334ec52780a350b355629674e","/css/change/red.css":"2b5d50b275b3e4fa42311aa07364502d89af08b919aeea4943a7e8976bfa4d45","/css/change/red2.css":"08bab21f1363f0088300cf43b2867641429889135d9b6205c6159dbc696c4e95","/css/change/red3.css":"f4582cd1c9535400fb6298035770f557f1228b95c4d697bb9cba60027d23e9ac","/css/change/yellow.css":"d5f8b65fe93f1e7217678cece49816c881aec11fa0e4af317ac3cbc59a5a589f","/css/change/yellow2.css":"e2c2a1600ef719256e59f2f54530aa61d71aeb4fdd0b049047e987095710ef53","/js/contact.js":"37175930fd7cdc1c08e642c3f1d6a0762c0e00371d24b3e27b595ef74d10979a","/js/main.js":"137f28d9b155def0b206d18236f70370bfd06d780e5e7c12ffa8a56f9935bae6","/js/nav.js":"2f7361bf4c67af07aba163890b9dfe4287d161a7631be760a1bbb59ec4430379","/js/time.js":"30a997247bf9b9f1a0211f14bf786a33d56fd2496483861878f620ca97c09cc7","/js/type.js":"c28998a35282fb3f96cae2ffc7fdaa9d82b27946a8f49c1764d90c38e80db4a6","/media/abbu.mp4":"d41c7848cda3d071bb7427340ffef3fa7cc7207f56847ace54f582d1c1026223","/media/image/abhijeet.png":"2d8362174c85c2ea79d915b1ef23fa3271cbdd5fa0b125a13da1a6f700f1704c","/media/image/Arduino-Line-Follower-Robot-Circuit.jpg":"e6f3f57ce17830fbdb9ea61fe85200a3cda1e504827c73055a6d466bbac05846","/media/image/Bluetooth-controlled-car-circuit.png":"c0c63f29dfb57bf67e3e6ca6c0fde37ad128a1751885a0d32f6cd10932cb06e9","/media/image/blutooth_img_giagram.png":"3da20847157d87c8a6349d19521a46e8bb8a15293e2f0eac13038d6f337bc99c","/media/image/bridge_rectifeir.gif":"49529c8f0c33fdc967840b919f59c1ce2235b26e07e354cd0e33277f50f1a8ef","/media/image/daniyal.png":"b15b848b9ede28129ca304625b7f9621e8de61cfe12f9ae032e29bb1b863dcb7","/media/image/diagrm_blutooth_car_rZWd4IWiDQ.png":"b8f400850aca4b970138efc5ccd8bcba2e58f47ff546e4a132baa039c9cd09f6","/media/image/kamleen.png":"c0ef47e463d0d3a6f8aad2a3f51ca6c7eec31518b1c9e7f71ebb59d77141499c","/media/image/kdt.png":"c5111b7651858875610660b12217c1690a9d24d0f3507ff1aeaf78e712d17019","/media/image/kdt.svg":"a157deba9ee6f934d7636f7638592036e5f0e4a8969276242216eacb05cb5474","/media/image/line+follow_digramme.gif":"252a2b11b4b5ca82d5d786df43409e796c66af4d95f17a4ec4376755c400d6a2","/media/image/line_following.png":"b81232cf6cb2315f90ec5257c9756e596b4f14d75608663242f551c80fedf2c9","/media/image/tabish.png":"1ed873e3190f0c2941d2754d940d55d70313464b63f40ba67a25c5208f3d6d16","/media/image/undraw_about_me_wa29.svg":"65c6eaf7608a06ef2704ddf1d8f79009f2a3c39fd6307b0e90399f847abcd4b4","/media/image/undraw_Access_account_re_8spm.svg":"697b32734435fda57de86f7ec123cdbe787a0286476d13e7faf20ebc965e601e","/media/image/undraw_best_place_r685.svg":"93d384a251eb3d830e34ffe9211966b7e87fdbbb3fd83d6b84b9263a33c47209","/media/image/undraw_contact_us_15o2.svg":"fabc0675c6f821669686f8268a8476452ceed52ef467c3be1e23062ea4dc5377","/media/image/undraw_Mind_map_re_nlb6.svg":"f350d6dac5b1439ce5eb8ba6fada2b60bc39cfac47682f9012b6622bbf5f8c7c","/media/image/undraw_page_not_found_su7k.svg":"f3949cbbea1168b2603053875fff21889148e1e629491e1624e492c17ddeb7ed","/media/image/undraw_project_feedback_2s92.svg":"65c6eaf7608a06ef2704ddf1d8f79009f2a3c39fd6307b0e90399f847abcd4b4","/media/image/undraw_secure_login_pdn4.svg":"fa911a6a5cec65e6f3cfd4795eb390fdd2fecb4cf1224da8917e2846c563c730","/media/image/undraw_smart_home_28oy.svg":"6ceedcd24631bbbf473a78922356f76b940d88090e9331edf102aa0d7d8a903c","/media/image/undraw_Terms_re_6ak4.svg":"964c0030d7f56e08112724062140d5530e42906fb3c2baedaae371dc03bb25cf","/media/image/undraw_web_developer_p3e5.svg":"91ad4894acc0e7feec2d70a5bd4bac347b4881f8940b10653c5f666eb8e1a2fc","/other/activity_main.xml":"ae3489cc2f71519809d9d6924b44462e78865fbe33bbacb1f6ad500d1393b230","/other/AndroidManifest.xml":"a4d892b323704e2b56d19e02626e7e31a1ed5ac2b3801b5cb540e726c4a305ef","/other/app.apk":"f219bfac49218f47496d39f4cce734fc14b6bc21d1089dde072fbe58cc1608d5","/other/app.zip":"87eb5ff3d91937dfcdf517e0b5fbb1da3613735da3613d5cf5c7fb99bbbba3c0","/other/car.html":"1fc6f2d7ee36760b1cc8e2d65780086bd07698b05f602f96b8fc84b7e9d4a9d5","/other/car.ino":"ccc792034526d5282df2a569984bd439be133c4fb6d55b5d2449d5a96644e2a0","/other/car.txt":"740646023da0e2720d6950525bbac16a088ea56d73cf8c7b5fa2f2d9c595a1ab","/other/line.txt":"8660c029dbd1d1c9e2d9d969698ec4b67b8ef441b8ee7162109e37d1a6e9363e","/other/MainActivity.java":"76ce710b9472984c5a006c655457e819757e0198a47b96393cfe43b401e9be5b","/other/ppt.html":"3f816cf7822a09ae2e9d8bf4a30da66e4276839e1a6d4c314e0b7e26e10ca329","/other/ppt.pdf":"2bef7a7228f5201a4e2b01be01230cb5b018c3927cc922cae319bd74fc83cb6e","/other/ppt.pptx":"fb2c6d1aab780e084ab36bf92b22a6af74a9eb9aa7b9c287bab3868617c7e22d","/other/srs.pdf":"dd964054c62860e76049b83d982222f18a00687862a7ffdd9cbb62544ebbea38","/other/srs.pptx":"c3ddbd28d239d712b7ffc756cf646d0dd18b109e870d218d017fac80613f84b7","/index.html":"574f985edc1248b4bb321b387e755407cf53499503bc4ee9c44c2e876acfbfc8"}}
[debug] [2021-06-29T11:41:39.060Z] <<< [apiv2][status] POST https://firebasehosting.googleapis.com/v1beta1/sites/kdt-143/versions/6f25ae266ec2310b:populateFiles 200
[debug] [2021-06-29T11:41:39.060Z] <<< [apiv2][body] POST https://firebasehosting.googleapis.com/v1beta1/sites/kdt-143/versions/6f25ae266ec2310b:populateFiles {"uploadRequiredHashes":["574f985edc1248b4bb321b387e755407cf53499503bc4ee9c44c2e876acfbfc8","d41c7848cda3d071bb7427340ffef3fa7cc7207f56847ace54f582d1c1026223"],"uploadUrl":"https://upload-firebasehosting.googleapis.com/upload/sites/kdt-143/versions/6f25ae266ec2310b/files"}
[debug] [2021-06-29T11:41:39.061Z] >>> [apiv2][query] POST https://upload-firebasehosting.googleapis.com/upload/sites/kdt-143/versions/6f25ae266ec2310b/files/574f985edc1248b4bb321b387e755407cf53499503bc4ee9c44c2e876acfbfc8 [none]
[debug] [2021-06-29T11:41:39.061Z] >>> [apiv2][body] POST https://upload-firebasehosting.googleapis.com/upload/sites/kdt-143/versions/6f25ae266ec2310b/files/574f985edc1248b4bb321b387e755407cf53499503bc4ee9c44c2e876acfbfc8 [stream]
[debug] [2021-06-29T11:41:39.062Z] >>> [apiv2][query] POST https://upload-firebasehosting.googleapis.com/upload/sites/kdt-143/versions/6f25ae266ec2310b/files/d41c7848cda3d071bb7427340ffef3fa7cc7207f56847ace54f582d1c1026223 [none]
[debug] [2021-06-29T11:41:39.062Z] >>> [apiv2][body] POST https://upload-firebasehosting.googleapis.com/upload/sites/kdt-143/versions/6f25ae266ec2310b/files/d41c7848cda3d071bb7427340ffef3fa7cc7207f56847ace54f582d1c1026223 [stream]
[debug] [2021-06-29T11:41:39.062Z] [hosting][populate queue][FINAL] {"max":2923,"min":2923,"avg":2923,"active":0,"complete":1,"success":1,"errored":0,"retried":0,"total":1,"elapsed":2924}
[debug] [2021-06-29T11:41:39.063Z] [hosting] uploads queued: 2
[debug] [2021-06-29T11:41:40.986Z] <<< [apiv2][status] POST https://upload-firebasehosting.googleapis.com/upload/sites/kdt-143/versions/6f25ae266ec2310b/files/574f985edc1248b4bb321b387e755407cf53499503bc4ee9c44c2e876acfbfc8 200
[debug] [2021-06-29T11:41:40.986Z] <<< [apiv2][body] POST https://upload-firebasehosting.googleapis.com/upload/sites/kdt-143/versions/6f25ae266ec2310b/files/574f985edc1248b4bb321b387e755407cf53499503bc4ee9c44c2e876acfbfc8 [stream]
[debug] [2021-07-02T16:29:49.648Z] ----------------------------------------------------------------------
[debug] [2021-07-02T16:29:49.656Z] Command:       C:\Program Files\nodejs\node.exe C:\Users\Lenovo\AppData\Roaming\npm\node_modules\firebase-tools\lib\bin\firebase.js deploy
[debug] [2021-07-02T16:29:49.658Z] CLI Version:   9.14.0
[debug] [2021-07-02T16:29:49.658Z] Platform:      win32
[debug] [2021-07-02T16:29:49.658Z] Node Version:  v14.15.5
[debug] [2021-07-02T16:29:49.724Z] Time:          Fri Jul 02 2021 21:59:49 GMT+0530 (India Standard Time)
[debug] [2021-07-02T16:29:49.725Z] ----------------------------------------------------------------------
[debug] 
[debug] [2021-07-02T16:29:49.773Z] >>> [apiv2][query] GET https://firebase-public.firebaseio.com/cli.json [none]
[debug] [2021-07-02T16:29:49.844Z] > command requires scopes: ["email","openid","https://www.googleapis.com/auth/cloudplatformprojects.readonly","https://www.googleapis.com/auth/firebase","https://www.googleapis.com/auth/cloud-platform"]
[debug] [2021-07-02T16:29:49.845Z] > authorizing via signed-in user (kamleenmohd@gmail.com)
[debug] [2021-07-02T16:29:49.845Z] [iam] checking project kdt-143 for permissions ["firebase.projects.get","firebasehosting.sites.update"]
[debug] [2021-07-02T16:29:49.846Z] > refreshing access token with scopes: ["email","https://www.googleapis.com/auth/cloud-platform","https://www.googleapis.com/auth/cloudplatformprojects.readonly","https://www.googleapis.com/auth/firebase","openid"]
[debug] [2021-07-02T16:29:49.846Z] >>> HTTP REQUEST POST https://www.googleapis.com/oauth2/v3/token  
 <request body omitted>
[debug] [2021-07-02T16:29:50.761Z] <<< HTTP RESPONSE 200 {"cache-control":"no-cache, no-store, max-age=0, must-revalidate","pragma":"no-cache","expires":"Mon, 01 Jan 1990 00:00:00 GMT","date":"Fri, 02 Jul 2021 16:29:49 GMT","content-type":"application/json; charset=utf-8","vary":"X-Origin, Referer, Origin,Accept-Encoding","server":"scaffolding on HTTPServer2","x-xss-protection":"0","x-frame-options":"SAMEORIGIN","x-content-type-options":"nosniff","alt-svc":"h3=\":443\"; ma=2592000,h3-29=\":443\"; ma=2592000,h3-T051=\":443\"; ma=2592000,h3-Q050=\":443\"; ma=2592000,h3-Q046=\":443\"; ma=2592000,h3-Q043=\":443\"; ma=2592000,quic=\":443\"; ma=2592000; v=\"46,43\"","accept-ranges":"none","transfer-encoding":"chunked"}
[debug] [2021-07-02T16:29:50.804Z] >>> HTTP REQUEST POST https://cloudresourcemanager.googleapis.com/v1/projects/kdt-143:testIamPermissions  
 {"permissions":["firebase.projects.get","firebasehosting.sites.update"]}
[debug] [2021-07-02T16:29:52.077Z] <<< [apiv2][status] GET https://firebase-public.firebaseio.com/cli.json 200
[debug] [2021-07-02T16:29:52.078Z] <<< [apiv2][body] GET https://firebase-public.firebaseio.com/cli.json {"cloudBuildErrorAfter":1594252800000,"cloudBuildWarnAfter":1590019200000,"defaultNode10After":1594252800000,"minVersion":"3.0.5","node8DeploysDisabledAfter":1613390400000,"node8RuntimeDisabledAfter":1615809600000,"node8WarnAfter":1600128000000}
[debug] [2021-07-02T16:29:53.348Z] <<< HTTP RESPONSE 200 {"content-type":"application/json; charset=UTF-8","vary":"X-Origin, Referer, Origin,Accept-Encoding","date":"Fri, 02 Jul 2021 16:29:52 GMT","server":"ESF","cache-control":"private","x-xss-protection":"0","x-frame-options":"SAMEORIGIN","x-content-type-options":"nosniff","server-timing":"gfet4t7; dur=1328","alt-svc":"h3=\":443\"; ma=2592000,h3-29=\":443\"; ma=2592000,h3-T051=\":443\"; ma=2592000,h3-Q050=\":443\"; ma=2592000,h3-Q046=\":443\"; ma=2592000,h3-Q043=\":443\"; ma=2592000,quic=\":443\"; ma=2592000; v=\"46,43\"","accept-ranges":"none","transfer-encoding":"chunked"}
[debug] [2021-07-02T16:29:53.353Z] > refreshing access token with scopes: []
[debug] [2021-07-02T16:29:53.353Z] >>> HTTP REQUEST POST https://www.googleapis.com/oauth2/v3/token  
 <request body omitted>
[debug] [2021-07-02T16:29:54.543Z] <<< HTTP RESPONSE 200 {"expires":"Mon, 01 Jan 1990 00:00:00 GMT","pragma":"no-cache","date":"Fri, 02 Jul 2021 16:29:53 GMT","cache-control":"no-cache, no-store, max-age=0, must-revalidate","content-type":"application/json; charset=utf-8","vary":"X-Origin, Referer, Origin,Accept-Encoding","server":"scaffolding on HTTPServer2","x-xss-protection":"0","x-frame-options":"SAMEORIGIN","x-content-type-options":"nosniff","alt-svc":"h3=\":443\"; ma=2592000,h3-29=\":443\"; ma=2592000,h3-T051=\":443\"; ma=2592000,h3-Q050=\":443\"; ma=2592000,h3-Q046=\":443\"; ma=2592000,h3-Q043=\":443\"; ma=2592000,quic=\":443\"; ma=2592000; v=\"46,43\"","accept-ranges":"none","transfer-encoding":"chunked"}
[debug] [2021-07-02T16:29:54.595Z] >>> [apiv2][query] GET https://firebase.googleapis.com/v1beta1/projects/kdt-143 [none]
[debug] [2021-07-02T16:29:55.990Z] <<< [apiv2][status] GET https://firebase.googleapis.com/v1beta1/projects/kdt-143 200
[debug] [2021-07-02T16:29:55.991Z] <<< [apiv2][body] GET https://firebase.googleapis.com/v1beta1/projects/kdt-143 {"projectId":"kdt-143","projectNumber":"559265165592","displayName":"kdt-143","name":"projects/kdt-143","resources":{"hostingSite":"kdt-143","realtimeDatabaseInstance":"kdt-143-default-rtdb","storageBucket":"kdt-143.appspot.com","locationId":"us-central"},"state":"ACTIVE"}
[info] 
[info] === Deploying to 'kdt-143'...
[info] 
[info] i  deploying hosting 
[debug] [2021-07-02T16:29:56.010Z] > refreshing access token with scopes: ["email","https://www.googleapis.com/auth/cloud-platform","https://www.googleapis.com/auth/cloudplatformprojects.readonly","https://www.googleapis.com/auth/firebase","openid"]
[debug] [2021-07-02T16:29:56.010Z] >>> HTTP REQUEST POST https://www.googleapis.com/oauth2/v3/token  
 <request body omitted>
[debug] [2021-07-02T16:29:57.024Z] <<< HTTP RESPONSE 200 {"expires":"Mon, 01 Jan 1990 00:00:00 GMT","pragma":"no-cache","cache-control":"no-cache, no-store, max-age=0, must-revalidate","date":"Fri, 02 Jul 2021 16:29:55 GMT","content-type":"application/json; charset=utf-8","vary":"X-Origin, Referer, Origin,Accept-Encoding","server":"scaffolding on HTTPServer2","x-xss-protection":"0","x-frame-options":"SAMEORIGIN","x-content-type-options":"nosniff","alt-svc":"h3=\":443\"; ma=2592000,h3-29=\":443\"; ma=2592000,h3-T051=\":443\"; ma=2592000,h3-Q050=\":443\"; ma=2592000,h3-Q046=\":443\"; ma=2592000,h3-Q043=\":443\"; ma=2592000,quic=\":443\"; ma=2592000; v=\"46,43\"","accept-ranges":"none","transfer-encoding":"chunked"}
[debug] [2021-07-02T16:29:57.245Z] >>> HTTP REQUEST POST https://firebasehosting.googleapis.com/v1beta1/sites/kdt-143/versions  
 {"config":{},"labels":{"deployment-tool":"cli-firebase"}}
[debug] [2021-07-02T16:30:00.505Z] <<< HTTP RESPONSE 200 {"content-type":"application/json; charset=UTF-8","vary":"X-Origin, Referer, Origin,Accept-Encoding","date":"Fri, 02 Jul 2021 16:29:59 GMT","server":"ESF","cache-control":"private","x-xss-protection":"0","x-frame-options":"SAMEORIGIN","x-content-type-options":"nosniff","alt-svc":"h3=\":443\"; ma=2592000,h3-29=\":443\"; ma=2592000,h3-T051=\":443\"; ma=2592000,h3-Q050=\":443\"; ma=2592000,h3-Q046=\":443\"; ma=2592000,h3-Q043=\":443\"; ma=2592000,quic=\":443\"; ma=2592000; v=\"46,43\"","accept-ranges":"none","transfer-encoding":"chunked"}
[info] i  hosting[kdt-143]: beginning deploy... 
[info] i  hosting[kdt-143]: found 81 files in public 
[debug] [2021-07-02T16:30:00.621Z] > refreshing access token with scopes: []
[debug] [2021-07-02T16:30:00.621Z] >>> HTTP REQUEST POST https://www.googleapis.com/oauth2/v3/token  
 <request body omitted>
[debug] [2021-07-02T16:30:00.623Z] [hosting] hash cache [cHVibGlj] stored for 81 files
[debug] [2021-07-02T16:30:00.623Z] [hosting][hash queue][FINAL] {"max":29,"min":0,"avg":2.9391300471390815,"active":0,"complete":81,"success":81,"errored":0,"retried":0,"total":81,"elapsed":33}
[debug] [2021-07-02T16:30:01.705Z] <<< HTTP RESPONSE 200 {"date":"Fri, 02 Jul 2021 16:30:00 GMT","expires":"Mon, 01 Jan 1990 00:00:00 GMT","cache-control":"no-cache, no-store, max-age=0, must-revalidate","pragma":"no-cache","content-type":"application/json; charset=utf-8","vary":"X-Origin, Referer, Origin,Accept-Encoding","server":"scaffolding on HTTPServer2","x-xss-protection":"0","x-frame-options":"SAMEORIGIN","x-content-type-options":"nosniff","alt-svc":"h3=\":443\"; ma=2592000,h3-29=\":443\"; ma=2592000,h3-T051=\":443\"; ma=2592000,h3-Q050=\":443\"; ma=2592000,h3-Q046=\":443\"; ma=2592000,h3-Q043=\":443\"; ma=2592000,quic=\":443\"; ma=2592000; v=\"46,43\"","accept-ranges":"none","transfer-encoding":"chunked"}
[debug] [2021-07-02T16:30:01.758Z] >>> [apiv2][query] POST https://firebasehosting.googleapis.com/v1beta1/sites/kdt-143/versions/9832283048f46b3e:populateFiles [none]
[debug] [2021-07-02T16:30:01.758Z] >>> [apiv2][body] POST https://firebasehosting.googleapis.com/v1beta1/sites/kdt-143/versions/9832283048f46b3e:populateFiles {"files":{"/index.html":"574f985edc1248b4bb321b387e755407cf53499503bc4ee9c44c2e876acfbfc8","/chat/index.html":"78437da1e2cbab8109b000fdfdd69b8304ee35be2b42dd0b449a2c9cc6468c13","/css/404.css":"91d1a1ead1eda8676f39f2ba721c56247de1e8c85b13e94a55e61d983e64be3e","/css/bootstraph.css":"4db24ed85ded148371fa12026200a5947fb65aebe611dec8f8cdaac7edc6525e","/css/contact.css":"586b8af098a89fbe587da520825d385c88056eabf81b5326c4ef676e2616601d","/css/dark.css":"50bd375c22a83ae8791c556214c0537fdfb5b69d6296f5c25cd2f2f0e34e6a19","/css/home-body.css":"d6e2134cf72c06e7284305dcb611481cf7bc286e5def2de0c373ef52e0b8e58d","/css/home-header.css":"119812d50d10221e997993b52f7ebd6944d9e249d2cbe68264ab8fc644ae8f00","/css/loader.css":"d456942be716489db8062d1edb9a4607fd4bf2585153011af1520ea78622b8fd","/css/main.css":"f395a927544ab57418a0d29bb396cbfbe92fa41449a7e9ce086c004d5bd22e4d","/css/nav.css":"389787f8ad5df90114ddebe49252a75b972a61acdd678521951e62dab49ea9dc","/css/other-header.css":"009123eb9f7ad41b4ad673b24eb73a506cdf82558bff7ec7293003e867c585a2","/css/project.css":"e7ecafe6831a64272aae1ec55b849de6075337eb7dd7cdbbba99a7b1773bd451","/css/change/blue.css":"d5a2ddab67785fc2301a17f56b3c37839a563f3a6e515268302847ec191bd479","/css/change/blue2.css":"6feaa7306daf955c684dabdb3da8cda7893c1524cfdaaae65a08e97d28d5d419","/css/change/blue3.css":"8b9d7618ebd9ce383c952698d99ada4ff93954337c3a32846ac9143b31c90054","/css/change/cyan.css":"ccd58e59f2447e609af241a86da9092491a5f4ef18fc8bd632d12edebbfb52fc","/css/change/cyan2.css":"0719d887bc566e676bbaaf038ad7874fdc31802d7c9966dbace2293f0b66ca40","/css/change/gray.css":"be1180325c3e2d3b3bfa689bb0408456549d7bb9a987ae0f0f24466399cc1707","/css/change/gray2.css":"73d1d7400fcc248ce8223c5b6eac92155a6143b3b8b6d799d64c0c263fb75b2b","/css/change/green.css":"9871856554348506a5c7133cfa7121aa372b2c58227ea144a64c1be0ca1120ac","/css/change/green2.css":"52bfb301310fab1a9150b29e8ad151e3971af294ce6891f2e8e5fe97ce9628f6","/css/change/green3.css":"a59ecfc135935023e6b55204aab091a9e9ea6c03683a4fb1ab4494f0c37ec68c","/css/change/pink.css":"57a5b92e4854a4eb0c7f403446ce161bf055c1c334ec52780a350b355629674e","/css/change/red.css":"2b5d50b275b3e4fa42311aa07364502d89af08b919aeea4943a7e8976bfa4d45","/css/change/red2.css":"08bab21f1363f0088300cf43b2867641429889135d9b6205c6159dbc696c4e95","/css/change/red3.css":"f4582cd1c9535400fb6298035770f557f1228b95c4d697bb9cba60027d23e9ac","/css/change/yellow.css":"d5f8b65fe93f1e7217678cece49816c881aec11fa0e4af317ac3cbc59a5a589f","/css/change/yellow2.css":"e2c2a1600ef719256e59f2f54530aa61d71aeb4fdd0b049047e987095710ef53","/js/contact.js":"37175930fd7cdc1c08e642c3f1d6a0762c0e00371d24b3e27b595ef74d10979a","/js/main.js":"137f28d9b155def0b206d18236f70370bfd06d780e5e7c12ffa8a56f9935bae6","/js/nav.js":"2f7361bf4c67af07aba163890b9dfe4287d161a7631be760a1bbb59ec4430379","/js/time.js":"30a997247bf9b9f1a0211f14bf786a33d56fd2496483861878f620ca97c09cc7","/js/type.js":"c28998a35282fb3f96cae2ffc7fdaa9d82b27946a8f49c1764d90c38e80db4a6","/media/abbu.mp4":"d41c7848cda3d071bb7427340ffef3fa7cc7207f56847ace54f582d1c1026223","/media/image/abhijeet.png":"2d8362174c85c2ea79d915b1ef23fa3271cbdd5fa0b125a13da1a6f700f1704c","/media/image/Arduino-Line-Follower-Robot-Circuit.jpg":"e6f3f57ce17830fbdb9ea61fe85200a3cda1e504827c73055a6d466bbac05846","/media/image/Bluetooth-controlled-car-circuit.png":"c0c63f29dfb57bf67e3e6ca6c0fde37ad128a1751885a0d32f6cd10932cb06e9","/media/image/blutooth_img_giagram.png":"3da20847157d87c8a6349d19521a46e8bb8a15293e2f0eac13038d6f337bc99c","/media/image/bridge_rectifeir.gif":"49529c8f0c33fdc967840b919f59c1ce2235b26e07e354cd0e33277f50f1a8ef","/media/image/daniyal.png":"b15b848b9ede28129ca304625b7f9621e8de61cfe12f9ae032e29bb1b863dcb7","/media/image/diagrm_blutooth_car_rZWd4IWiDQ.png":"b8f400850aca4b970138efc5ccd8bcba2e58f47ff546e4a132baa039c9cd09f6","/media/image/kamleen.png":"c0ef47e463d0d3a6f8aad2a3f51ca6c7eec31518b1c9e7f71ebb59d77141499c","/media/image/kdt.png":"c5111b7651858875610660b12217c1690a9d24d0f3507ff1aeaf78e712d17019","/media/image/kdt.svg":"a157deba9ee6f934d7636f7638592036e5f0e4a8969276242216eacb05cb5474","/media/image/line+follow_digramme.gif":"252a2b11b4b5ca82d5d786df43409e796c66af4d95f17a4ec4376755c400d6a2","/media/image/line_following.png":"b81232cf6cb2315f90ec5257c9756e596b4f14d75608663242f551c80fedf2c9","/media/image/tabish.png":"1ed873e3190f0c2941d2754d940d55d70313464b63f40ba67a25c5208f3d6d16","/media/image/undraw_about_me_wa29.svg":"65c6eaf7608a06ef2704ddf1d8f79009f2a3c39fd6307b0e90399f847abcd4b4","/media/image/undraw_Access_account_re_8spm.svg":"697b32734435fda57de86f7ec123cdbe787a0286476d13e7faf20ebc965e601e","/media/image/undraw_best_place_r685.svg":"93d384a251eb3d830e34ffe9211966b7e87fdbbb3fd83d6b84b9263a33c47209","/media/image/undraw_contact_us_15o2.svg":"fabc0675c6f821669686f8268a8476452ceed52ef467c3be1e23062ea4dc5377","/media/image/undraw_Mind_map_re_nlb6.svg":"f350d6dac5b1439ce5eb8ba6fada2b60bc39cfac47682f9012b6622bbf5f8c7c","/media/image/undraw_page_not_found_su7k.svg":"f3949cbbea1168b2603053875fff21889148e1e629491e1624e492c17ddeb7ed","/media/image/undraw_project_feedback_2s92.svg":"65c6eaf7608a06ef2704ddf1d8f79009f2a3c39fd6307b0e90399f847abcd4b4","/media/image/undraw_secure_login_pdn4.svg":"fa911a6a5cec65e6f3cfd4795eb390fdd2fecb4cf1224da8917e2846c563c730","/media/image/undraw_smart_home_28oy.svg":"6ceedcd24631bbbf473a78922356f76b940d88090e9331edf102aa0d7d8a903c","/media/image/undraw_Terms_re_6ak4.svg":"964c0030d7f56e08112724062140d5530e42906fb3c2baedaae371dc03bb25cf","/media/image/undraw_web_developer_p3e5.svg":"91ad4894acc0e7feec2d70a5bd4bac347b4881f8940b10653c5f666eb8e1a2fc","/other/activity_main.xml":"ae3489cc2f71519809d9d6924b44462e78865fbe33bbacb1f6ad500d1393b230","/other/AndroidManifest.xml":"a4d892b323704e2b56d19e02626e7e31a1ed5ac2b3801b5cb540e726c4a305ef","/other/app.apk":"f219bfac49218f47496d39f4cce734fc14b6bc21d1089dde072fbe58cc1608d5","/other/app.zip":"87eb5ff3d91937dfcdf517e0b5fbb1da3613735da3613d5cf5c7fb99bbbba3c0","/other/car.html":"1fc6f2d7ee36760b1cc8e2d65780086bd07698b05f602f96b8fc84b7e9d4a9d5","/other/car.ino":"ccc792034526d5282df2a569984bd439be133c4fb6d55b5d2449d5a96644e2a0","/other/car.txt":"740646023da0e2720d6950525bbac16a088ea56d73cf8c7b5fa2f2d9c595a1ab","/other/line.txt":"8660c029dbd1d1c9e2d9d969698ec4b67b8ef441b8ee7162109e37d1a6e9363e","/other/MainActivity.java":"76ce710b9472984c5a006c655457e819757e0198a47b96393cfe43b401e9be5b","/other/ppt.html":"3f816cf7822a09ae2e9d8bf4a30da66e4276839e1a6d4c314e0b7e26e10ca329","/other/ppt.pdf":"2bef7a7228f5201a4e2b01be01230cb5b018c3927cc922cae319bd74fc83cb6e","/other/ppt.pptx":"fb2c6d1aab780e084ab36bf92b22a6af74a9eb9aa7b9c287bab3868617c7e22d","/other/srs.pdf":"dd964054c62860e76049b83d982222f18a00687862a7ffdd9cbb62544ebbea38","/other/srs.pptx":"c3ddbd28d239d712b7ffc756cf646d0dd18b109e870d218d017fac80613f84b7","/anonymous.html":"d68a1e7dd46c2a0dbaf2c57eb41e4dff49b702a92b6beb79401d21ab586198e4","/login.html":"1eefffd72aeabefbbe6dedf3f5f730d7b1f6f4dc89c381d04e7deadc6d6b34de","/404.html":"51e6e14bfed1a0b3fc75c3c73f5d09465f0bc55e1677aee1abc443f7234e4868","/account.html":"d6f1e2ced20f5d491b504c85f54a15a3fb57f0935d25a45c5a7eaab730410da8","/contact.html":"0e75d0b4db646c64b76a06855fadbc0fb464205de03ae5ab09ad45c557deb76f","/other.html":"1b76725bfbfa04b2339e0775e21b049593c383ccdc00371ba18ac5f855dcae82","/signin.html":"560dc344018a72ce5e12d0ed117b307e03e29a1db4731173d43425609e4186c2","/project.html":"359c0630899ff568d2c41dcbb0f640f0dbbf9ce56ab2c81d275507d593c94bce"}}
[debug] [2021-07-02T16:30:04.257Z] <<< [apiv2][status] POST https://firebasehosting.googleapis.com/v1beta1/sites/kdt-143/versions/9832283048f46b3e:populateFiles 200
[debug] [2021-07-02T16:30:04.257Z] <<< [apiv2][body] POST https://firebasehosting.googleapis.com/v1beta1/sites/kdt-143/versions/9832283048f46b3e:populateFiles {"uploadRequiredHashes":["51e6e14bfed1a0b3fc75c3c73f5d09465f0bc55e1677aee1abc443f7234e4868","1eefffd72aeabefbbe6dedf3f5f730d7b1f6f4dc89c381d04e7deadc6d6b34de","d41c7848cda3d071bb7427340ffef3fa7cc7207f56847ace54f582d1c1026223","560dc344018a72ce5e12d0ed117b307e03e29a1db4731173d43425609e4186c2","d6f1e2ced20f5d491b504c85f54a15a3fb57f0935d25a45c5a7eaab730410da8","d68a1e7dd46c2a0dbaf2c57eb41e4dff49b702a92b6beb79401d21ab586198e4","1b76725bfbfa04b2339e0775e21b049593c383ccdc00371ba18ac5f855dcae82","359c0630899ff568d2c41dcbb0f640f0dbbf9ce56ab2c81d275507d593c94bce","0e75d0b4db646c64b76a06855fadbc0fb464205de03ae5ab09ad45c557deb76f"],"uploadUrl":"https://upload-firebasehosting.googleapis.com/upload/sites/kdt-143/versions/9832283048f46b3e/files"}
[debug] [2021-07-02T16:30:04.259Z] >>> [apiv2][query] POST https://upload-firebasehosting.googleapis.com/upload/sites/kdt-143/versions/9832283048f46b3e/files/51e6e14bfed1a0b3fc75c3c73f5d09465f0bc55e1677aee1abc443f7234e4868 [none]
[debug] [2021-07-02T16:30:04.260Z] >>> [apiv2][body] POST https://upload-firebasehosting.googleapis.com/upload/sites/kdt-143/versions/9832283048f46b3e/files/51e6e14bfed1a0b3fc75c3c73f5d09465f0bc55e1677aee1abc443f7234e4868 [stream]
[debug] [2021-07-02T16:30:04.261Z] >>> [apiv2][query] POST https://upload-firebasehosting.googleapis.com/upload/sites/kdt-143/versions/9832283048f46b3e/files/1eefffd72aeabefbbe6dedf3f5f730d7b1f6f4dc89c381d04e7deadc6d6b34de [none]
[debug] [2021-07-02T16:30:04.261Z] >>> [apiv2][body] POST https://upload-firebasehosting.googleapis.com/upload/sites/kdt-143/versions/9832283048f46b3e/files/1eefffd72aeabefbbe6dedf3f5f730d7b1f6f4dc89c381d04e7deadc6d6b34de [stream]
[debug] [2021-07-02T16:30:04.262Z] >>> [apiv2][query] POST https://upload-firebasehosting.googleapis.com/upload/sites/kdt-143/versions/9832283048f46b3e/files/d41c7848cda3d071bb7427340ffef3fa7cc7207f56847ace54f582d1c1026223 [none]
[debug] [2021-07-02T16:30:04.262Z] >>> [apiv2][body] POST https://upload-firebasehosting.googleapis.com/upload/sites/kdt-143/versions/9832283048f46b3e/files/d41c7848cda3d071bb7427340ffef3fa7cc7207f56847ace54f582d1c1026223 [stream]
[debug] [2021-07-02T16:30:04.262Z] >>> [apiv2][query] POST https://upload-firebasehosting.googleapis.com/upload/sites/kdt-143/versions/9832283048f46b3e/files/560dc344018a72ce5e12d0ed117b307e03e29a1db4731173d43425609e4186c2 [none]
[debug] [2021-07-02T16:30:04.262Z] >>> [apiv2][body] POST https://upload-firebasehosting.googleapis.com/upload/sites/kdt-143/versions/9832283048f46b3e/files/560dc344018a72ce5e12d0ed117b307e03e29a1db4731173d43425609e4186c2 [stream]
[debug] [2021-07-02T16:30:04.263Z] >>> [apiv2][query] POST https://upload-firebasehosting.googleapis.com/upload/sites/kdt-143/versions/9832283048f46b3e/files/d6f1e2ced20f5d491b504c85f54a15a3fb57f0935d25a45c5a7eaab730410da8 [none]
[debug] [2021-07-02T16:30:04.263Z] >>> [apiv2][body] POST https://upload-firebasehosting.googleapis.com/upload/sites/kdt-143/versions/9832283048f46b3e/files/d6f1e2ced20f5d491b504c85f54a15a3fb57f0935d25a45c5a7eaab730410da8 [stream]
[debug] [2021-07-02T16:30:04.263Z] >>> [apiv2][query] POST https://upload-firebasehosting.googleapis.com/upload/sites/kdt-143/versions/9832283048f46b3e/files/d68a1e7dd46c2a0dbaf2c57eb41e4dff49b702a92b6beb79401d21ab586198e4 [none]
[debug] [2021-07-02T16:30:04.263Z] >>> [apiv2][body] POST https://upload-firebasehosting.googleapis.com/upload/sites/kdt-143/versions/9832283048f46b3e/files/d68a1e7dd46c2a0dbaf2c57eb41e4dff49b702a92b6beb79401d21ab586198e4 [stream]
[debug] [2021-07-02T16:30:04.264Z] >>> [apiv2][query] POST https://upload-firebasehosting.googleapis.com/upload/sites/kdt-143/versions/9832283048f46b3e/files/1b76725bfbfa04b2339e0775e21b049593c383ccdc00371ba18ac5f855dcae82 [none]
[debug] [2021-07-02T16:30:04.264Z] >>> [apiv2][body] POST https://upload-firebasehosting.googleapis.com/upload/sites/kdt-143/versions/9832283048f46b3e/files/1b76725bfbfa04b2339e0775e21b049593c383ccdc00371ba18ac5f855dcae82 [stream]
[debug] [2021-07-02T16:30:04.264Z] >>> [apiv2][query] POST https://upload-firebasehosting.googleapis.com/upload/sites/kdt-143/versions/9832283048f46b3e/files/359c0630899ff568d2c41dcbb0f640f0dbbf9ce56ab2c81d275507d593c94bce [none]
[debug] [2021-07-02T16:30:04.264Z] >>> [apiv2][body] POST https://upload-firebasehosting.googleapis.com/upload/sites/kdt-143/versions/9832283048f46b3e/files/359c0630899ff568d2c41dcbb0f640f0dbbf9ce56ab2c81d275507d593c94bce [stream]
[debug] [2021-07-02T16:30:04.265Z] >>> [apiv2][query] POST https://upload-firebasehosting.googleapis.com/upload/sites/kdt-143/versions/9832283048f46b3e/files/0e75d0b4db646c64b76a06855fadbc0fb464205de03ae5ab09ad45c557deb76f [none]
[debug] [2021-07-02T16:30:04.265Z] >>> [apiv2][body] POST https://upload-firebasehosting.googleapis.com/upload/sites/kdt-143/versions/9832283048f46b3e/files/0e75d0b4db646c64b76a06855fadbc0fb464205de03ae5ab09ad45c557deb76f [stream]
[debug] [2021-07-02T16:30:04.272Z] [hosting][populate queue][FINAL] {"max":3638,"min":3638,"avg":3638,"active":0,"complete":1,"success":1,"errored":0,"retried":0,"total":1,"elapsed":3651}
[debug] [2021-07-02T16:30:04.272Z] [hosting] uploads queued: 9
[debug] [2021-07-02T16:30:06.597Z] <<< [apiv2][status] POST https://upload-firebasehosting.googleapis.com/upload/sites/kdt-143/versions/9832283048f46b3e/files/d6f1e2ced20f5d491b504c85f54a15a3fb57f0935d25a45c5a7eaab730410da8 200
[debug] [2021-07-02T16:30:06.597Z] <<< [apiv2][body] POST https://upload-firebasehosting.googleapis.com/upload/sites/kdt-143/versions/9832283048f46b3e/files/d6f1e2ced20f5d491b504c85f54a15a3fb57f0935d25a45c5a7eaab730410da8 [stream]
[debug] [2021-07-02T16:30:06.865Z] <<< [apiv2][status] POST https://upload-firebasehosting.googleapis.com/upload/sites/kdt-143/versions/9832283048f46b3e/files/1eefffd72aeabefbbe6dedf3f5f730d7b1f6f4dc89c381d04e7deadc6d6b34de 200
[debug] [2021-07-02T16:30:06.865Z] <<< [apiv2][body] POST https://upload-firebasehosting.googleapis.com/upload/sites/kdt-143/versions/9832283048f46b3e/files/1eefffd72aeabefbbe6dedf3f5f730d7b1f6f4dc89c381d04e7deadc6d6b34de [stream]
[debug] [2021-07-02T16:30:06.892Z] <<< [apiv2][status] POST https://upload-firebasehosting.googleapis.com/upload/sites/kdt-143/versions/9832283048f46b3e/files/1b76725bfbfa04b2339e0775e21b049593c383ccdc00371ba18ac5f855dcae82 200
[debug] [2021-07-02T16:30:06.892Z] <<< [apiv2][body] POST https://upload-firebasehosting.googleapis.com/upload/sites/kdt-143/versions/9832283048f46b3e/files/1b76725bfbfa04b2339e0775e21b049593c383ccdc00371ba18ac5f855dcae82 [stream]
[debug] [2021-07-02T16:30:07.012Z] <<< [apiv2][status] POST https://upload-firebasehosting.googleapis.com/upload/sites/kdt-143/versions/9832283048f46b3e/files/d68a1e7dd46c2a0dbaf2c57eb41e4dff49b702a92b6beb79401d21ab586198e4 200
[debug] [2021-07-02T16:30:07.013Z] <<< [apiv2][body] POST https://upload-firebasehosting.googleapis.com/upload/sites/kdt-143/versions/9832283048f46b3e/files/d68a1e7dd46c2a0dbaf2c57eb41e4dff49b702a92b6beb79401d21ab586198e4 [stream]
[debug] [2021-07-02T16:30:07.310Z] <<< [apiv2][status] POST https://upload-firebasehosting.googleapis.com/upload/sites/kdt-143/versions/9832283048f46b3e/files/560dc344018a72ce5e12d0ed117b307e03e29a1db4731173d43425609e4186c2 200
[debug] [2021-07-02T16:30:07.310Z] <<< [apiv2][body] POST https://upload-firebasehosting.googleapis.com/upload/sites/kdt-143/versions/9832283048f46b3e/files/560dc344018a72ce5e12d0ed117b307e03e29a1db4731173d43425609e4186c2 [stream]
[debug] [2021-07-02T16:30:07.334Z] <<< [apiv2][status] POST https://upload-firebasehosting.googleapis.com/upload/sites/kdt-143/versions/9832283048f46b3e/files/359c0630899ff568d2c41dcbb0f640f0dbbf9ce56ab2c81d275507d593c94bce 200
[debug] [2021-07-02T16:30:07.335Z] <<< [apiv2][body] POST https://upload-firebasehosting.googleapis.com/upload/sites/kdt-143/versions/9832283048f46b3e/files/359c0630899ff568d2c41dcbb0f640f0dbbf9ce56ab2c81d275507d593c94bce [stream]
[debug] [2021-07-02T16:30:07.677Z] <<< [apiv2][status] POST https://upload-firebasehosting.googleapis.com/upload/sites/kdt-143/versions/9832283048f46b3e/files/0e75d0b4db646c64b76a06855fadbc0fb464205de03ae5ab09ad45c557deb76f 200
[debug] [2021-07-02T16:30:07.677Z] <<< [apiv2][body] POST https://upload-firebasehosting.googleapis.com/upload/sites/kdt-143/versions/9832283048f46b3e/files/0e75d0b4db646c64b76a06855fadbc0fb464205de03ae5ab09ad45c557deb76f [stream]
[debug] [2021-07-02T16:30:07.729Z] <<< [apiv2][status] POST https://upload-firebasehosting.googleapis.com/upload/sites/kdt-143/versions/9832283048f46b3e/files/51e6e14bfed1a0b3fc75c3c73f5d09465f0bc55e1677aee1abc443f7234e4868 200
[debug] [2021-07-02T16:30:07.730Z] <<< [apiv2][body] POST https://upload-firebasehosting.googleapis.com/upload/sites/kdt-143/versions/9832283048f46b3e/files/51e6e14bfed1a0b3fc75c3c73f5d09465f0bc55e1677aee1abc443f7234e4868 [stream]
